<?xml version="1.0" encoding="UTF-8"?>
<testng-results skipped="0" failed="0" ignored="0" total="1" passed="1">
  <reporter-output>
  </reporter-output>
  <suite name="Test Automation Suite" duration-ms="94010" started-at="2019-11-02T20:11:27Z" finished-at="2019-11-02T20:13:01Z">
    <groups>
    </groups>
    <test name="LoginTest" duration-ms="94010" started-at="2019-11-02T20:11:27Z" finished-at="2019-11-02T20:13:01Z">
      <class name="com.QA.Testcase.LoginTest">
        <test-method status="PASS" signature="setUp(java.lang.String, java.lang.String)[pri:0, instance:com.QA.Testcase.LoginTest@5a1c0542]" name="setUp" is-config="true" duration-ms="56015" started-at="2019-11-02T20:11:27Z" finished-at="2019-11-02T20:12:23Z">
          <params>
            <param index="0">
              <value>
                <![CDATA[Chrome]]>
              </value>
            </param>
            <param index="1">
              <value>
                <![CDATA[https://snapengage-qa.appspot.com/signin?to=hub]]>
              </value>
            </param>
          </params>
          <reporter-output>
          </reporter-output>
        </test-method> <!-- setUp -->
        <test-method status="PASS" signature="loginTest(java.lang.String, java.lang.String)[pri:0, instance:com.QA.Testcase.LoginTest@5a1c0542]" name="loginTest" duration-ms="35459" started-at="2019-11-02T20:12:23Z" finished-at="2019-11-02T20:12:59Z">
          <params>
            <param index="0">
              <value>
                <![CDATA[Hub]]>
              </value>
            </param>
            <param index="1">
              <value>
                <![CDATA[https://snapengage-qa.appspot.com/hub]]>
              </value>
            </param>
          </params>
          <reporter-output>
          </reporter-output>
        </test-method> <!-- loginTest -->
        <test-method status="PASS" signature="tearDown()[pri:0, instance:com.QA.Testcase.LoginTest@5a1c0542]" name="tearDown" is-config="true" duration-ms="2475" started-at="2019-11-02T20:12:59Z" finished-at="2019-11-02T20:13:01Z">
          <reporter-output>
          </reporter-output>
        </test-method> <!-- tearDown -->
      </class> <!-- com.QA.Testcase.LoginTest -->
    </test> <!-- LoginTest -->
  </suite> <!-- Test Automation Suite -->
</testng-results>
